================================
[2025/12/19 17:35:34.88] START
[2025/12/19 17:35:38.47] RC=16
================================
[2025/12/19 17:36:07.13] START
[2025/12/19 17:36:08.22] RC=16
================================
[2025/12/19 21:08:18.44] START
[2025/12/19 21:08:21.81] RC=16
================================
[2025/12/19 21:28:38.56] START
[2025/12/19 21:28:41.88] RC=16
================================
[2025/12/19 21:38:00.76] START
[2025/12/19 21:38:04.21] RC=16
================================
[2025/12/20  8:57:32.13] START
[2025/12/20  8:57:35.38] RC=16
================================
[2025/12/20 13:58:29.34] START
[2025/12/20 13:58:32.63] RC=16
================================
[2025/12/20 14:18:19.91] START
[2025/12/20 14:18:23.28] RC=16
================================
[2025/12/20 15:45:41.58] START
================================
[2025/12/20 15:45:41.62] START
[2025/12/20 15:45:44.98] RC=16
[2025/12/20 15:45:44.98] RC=16
================================
[2025/12/20 16:00:10.99] START
[2025/12/20 16:00:14.28] RC=16
================================
[2025/12/20 21:27:00.71] START
[2025/12/20 21:27:04.07] RC=16
================================
[2025/12/20 21:36:13.77] START
[2025/12/20 21:36:16.99] RC=16
================================
[2025/12/20 21:48:21.85] START
[2025/12/20 21:48:25.09] RC=16
================================
[2025/12/20 21:50:32.63] START
[2025/12/20 21:50:35.91] RC=16
================================
[2025/12/21  4:57:55.24] START
[2025/12/21  4:57:58.54] RC=16
